CityLinkV2/Library/Bee/Android/Prj/Mono2x/Gradle/unityLibrary/build/intermediates/manifest_merge_blame_file/debug/manifest-merger-blame-debug-report.txt
1<?xml version="1.0" encoding="utf-8"?>
2<manifest xmlns:android="http://schemas.android.com/apk/res/android"
3    xmlns:tools="http://schemas.android.com/tools"
4    package="com.unity3d.player"
5    android:versionCode="1"
6    android:versionName="1.0.2" >
7
8    <uses-sdk
9        android:minSdkVersion="22"
9-->src\main\AndroidManifest.xml
10        android:targetSdkVersion="30" />
10-->src\main\AndroidManifest.xml
11
12    <uses-feature android:glEsVersion="0x00030000" />
12-->src\main\AndroidManifest.xml:25:3-52
12-->src\main\AndroidManifest.xml:25:17-49
13    <uses-feature
13-->src\main\AndroidManifest.xml:26:3-91
14        android:name="android.hardware.vulkan.version"
14-->src\main\AndroidManifest.xml:26:17-63
15        android:required="false" />
15-->src\main\AndroidManifest.xml:26:64-88
16
17    <uses-permission android:name="android.permission.INTERNET" />
17-->src\main\AndroidManifest.xml:27:3-65
17-->src\main\AndroidManifest.xml:27:20-62
18    <uses-permission android:name="android.permission.ACCESS_NETWORK_STATE" />
18-->src\main\AndroidManifest.xml:28:3-77
18-->src\main\AndroidManifest.xml:28:20-74
19
20    <uses-feature
20-->src\main\AndroidManifest.xml:29:3-88
21        android:name="android.hardware.touchscreen"
21-->src\main\AndroidManifest.xml:29:17-60
22        android:required="false" />
22-->src\main\AndroidManifest.xml:29:61-85
23    <uses-feature
23-->src\main\AndroidManifest.xml:30:3-99
24        android:name="android.hardware.touchscreen.multitouch"
24-->src\main\AndroidManifest.xml:30:17-71
25        android:required="false" />
25-->src\main\AndroidManifest.xml:30:72-96
26    <uses-feature
26-->src\main\AndroidManifest.xml:31:3-108
27        android:name="android.hardware.touchscreen.multitouch.distinct"
27-->src\main\AndroidManifest.xml:31:17-80
28        android:required="false" />
28-->src\main\AndroidManifest.xml:31:81-105
29
30    <uses-permission android:name="android.permission.POST_NOTIFICATIONS" />
30-->src\main\AndroidManifest.xml:32:3-75
30-->src\main\AndroidManifest.xml:32:20-72
31
32    <application android:extractNativeLibs="true" >
32-->src\main\AndroidManifest.xml:3:3-24:17
32-->src\main\AndroidManifest.xml:3:16-48
33        <activity
33-->src\main\AndroidManifest.xml:4:5-11:16
34            android:name="com.unity3d.player.UnityPlayerActivity"
34-->src\main\AndroidManifest.xml:4:15-68
35            android:configChanges="mcc|mnc|locale|touchscreen|keyboard|keyboardHidden|navigation|orientation|screenLayout|uiMode|screenSize|smallestScreenSize|fontScale|layoutDirection|density"
35-->src\main\AndroidManifest.xml:4:180-361
36            android:hardwareAccelerated="false"
36-->src\main\AndroidManifest.xml:4:397-432
37            android:launchMode="singleTask"
37-->src\main\AndroidManifest.xml:4:148-179
38            android:resizeableActivity="false"
38-->src\main\AndroidManifest.xml:4:362-396
39            android:screenOrientation="fullUser"
39-->src\main\AndroidManifest.xml:4:111-147
40            android:theme="@style/UnityThemeSelector" >
40-->src\main\AndroidManifest.xml:4:69-110
41            <intent-filter>
41-->src\main\AndroidManifest.xml:5:7-8:23
42                <action android:name="android.intent.action.MAIN" />
42-->src\main\AndroidManifest.xml:6:9-61
42-->src\main\AndroidManifest.xml:6:17-58
43
44                <category android:name="android.intent.category.LAUNCHER" />
44-->src\main\AndroidManifest.xml:7:9-69
44-->src\main\AndroidManifest.xml:7:19-66
45            </intent-filter>
46
47            <meta-data
47-->src\main\AndroidManifest.xml:9:7-82
48                android:name="unityplayer.UnityActivity"
48-->src\main\AndroidManifest.xml:9:18-58
49                android:value="true" />
49-->src\main\AndroidManifest.xml:9:59-79
50            <meta-data
50-->src\main\AndroidManifest.xml:10:7-78
51                android:name="android.notch_support"
51-->src\main\AndroidManifest.xml:10:18-54
52                android:value="true" />
52-->src\main\AndroidManifest.xml:10:55-75
53        </activity>
54
55        <meta-data
55-->src\main\AndroidManifest.xml:12:5-69
56            android:name="unity.splash-mode"
56-->src\main\AndroidManifest.xml:12:16-48
57            android:value="0" />
57-->src\main\AndroidManifest.xml:12:49-66
58        <meta-data
58-->src\main\AndroidManifest.xml:13:5-74
59            android:name="unity.splash-enable"
59-->src\main\AndroidManifest.xml:13:16-50
60            android:value="True" />
60-->src\main\AndroidManifest.xml:13:51-71
61        <meta-data
61-->src\main\AndroidManifest.xml:14:5-78
62            android:name="unity.launch-fullscreen"
62-->src\main\AndroidManifest.xml:14:16-54
63            android:value="True" />
63-->src\main\AndroidManifest.xml:14:55-75
64        <meta-data
64-->src\main\AndroidManifest.xml:15:5-84
65            android:name="unity.allow-resizable-window"
65-->src\main\AndroidManifest.xml:15:16-59
66            android:value="False" />
66-->src\main\AndroidManifest.xml:15:60-81
67        <meta-data
67-->src\main\AndroidManifest.xml:16:5-81
68            android:name="notch.config"
68-->src\main\AndroidManifest.xml:16:16-43
69            android:value="portrait|landscape" />
69-->src\main\AndroidManifest.xml:16:44-78
70
71        <receiver
71-->src\main\AndroidManifest.xml:17:5-113
72            android:name="com.unity.androidnotifications.UnityNotificationManager"
72-->src\main\AndroidManifest.xml:17:15-85
73            android:exported="false" />
73-->src\main\AndroidManifest.xml:17:86-110
74        <receiver
74-->src\main\AndroidManifest.xml:18:5-22:16
75            android:name="com.unity.androidnotifications.UnityNotificationRestartOnBootReceiver"
75-->src\main\AndroidManifest.xml:18:15-99
76            android:enabled="false"
76-->src\main\AndroidManifest.xml:18:100-123
77            android:exported="false" >
77-->src\main\AndroidManifest.xml:18:124-148
78            <intent-filter>
78-->src\main\AndroidManifest.xml:19:7-21:23
79                <action android:name="android.intent.action.BOOT_COMPLETED" />
79-->src\main\AndroidManifest.xml:20:9-71
79-->src\main\AndroidManifest.xml:20:17-68
80            </intent-filter>
81        </receiver>
82
83        <meta-data
83-->src\main\AndroidManifest.xml:23:5-99
84            android:name="com.unity.androidnotifications.exact_scheduling"
84-->src\main\AndroidManifest.xml:23:16-78
85            android:value="0" />
85-->src\main\AndroidManifest.xml:23:79-96
86    </application>
87
88</manifest>